<?xml version="1.0" encoding="UTF-8"?>
<!-- Generated by org.testng.reporters.JUnitReportReporter -->
<testsuite hostname="DESKTOP-MTJKFP8" failures="0" tests="1" name="TestClass.VerifyUserCanLogin" time="15.320" errors="0" timestamp="2023-01-02T16:46:49 IST" skipped="0">
  <testcase classname="TestClass.VerifyUserCanLogin" name="VerifyUserCanLOgin" time="15.320"/>
  <system-out/>
</testsuite> <!-- TestClass.VerifyUserCanLogin -->
