<?xml version="1.0" encoding="UTF-8"?>
<!-- Generated by org.testng.reporters.JUnitReportReporter -->
<testsuite hostname="DESKTOP-MTJKFP8" failures="0" tests="2" name="TestClass.VerifyUserCanSearchTheProduct" time="39.827" errors="0" timestamp="2023-01-02T16:46:49 IST" skipped="0">
  <testcase classname="TestClass.VerifyUserCanSearchTheProduct" name="searchProducts" time="5.286"/>
  <system-out/>
  <testcase classname="TestClass.VerifyUserCanSearchTheProduct" name="getProductPriceOfEachPage" time="34.541"/>
  <system-out/>
</testsuite> <!-- TestClass.VerifyUserCanSearchTheProduct -->
